g:\master\arquitectura software\practica 2\practica 2\arquitecturaskeleton\1_skeleton\1_skeleton\swalib-master\swalib_example\swalib_example\debug\vc142.pdb
g:\master\arquitectura software\practica 2\practica 2\arquitecturaskeleton\1_skeleton\1_skeleton\swalib-master\swalib_example\swalib_example\debug\vc142.idb
g:\master\arquitectura software\practica 2\practica 2\arquitecturaskeleton\1_skeleton\1_skeleton\swalib-master\swalib_example\swalib_example\debug\texturemanager.obj
g:\master\arquitectura software\practica 2\practica 2\arquitecturaskeleton\1_skeleton\1_skeleton\swalib-master\swalib_example\swalib_example\debug\sys_win.obj
g:\master\arquitectura software\practica 2\practica 2\arquitecturaskeleton\1_skeleton\1_skeleton\swalib-master\swalib_example\swalib_example\debug\stdafx.obj
g:\master\arquitectura software\practica 2\practica 2\arquitecturaskeleton\1_skeleton\1_skeleton\swalib-master\swalib_example\swalib_example\debug\renderer.obj
g:\master\arquitectura software\practica 2\practica 2\arquitecturaskeleton\1_skeleton\1_skeleton\swalib-master\swalib_example\swalib_example\debug\lodepng.obj
g:\master\arquitectura software\practica 2\practica 2\arquitecturaskeleton\1_skeleton\1_skeleton\swalib-master\swalib_example\swalib_example\debug\font.obj
g:\master\arquitectura software\practica 2\practica 2\arquitecturaskeleton\1_skeleton\1_skeleton\swalib-master\swalib_example\swalib_example\debug\example.obj
g:\master\arquitectura software\practica 2\practica 2\arquitecturaskeleton\1_skeleton\1_skeleton\swalib-master\swalib_example\swalib_example\debug\entitymanager.obj
g:\master\arquitectura software\practica 2\practica 2\arquitecturaskeleton\1_skeleton\1_skeleton\swalib-master\swalib_example\swalib_example\debug\core.obj
g:\master\arquitectura software\practica 2\practica 2\arquitecturaskeleton\1_skeleton\1_skeleton\swalib-master\swalib_example\swalib_example\debug\clock.obj
g:\master\arquitectura software\practica 2\practica 2\arquitecturaskeleton\1_skeleton\1_skeleton\swalib-master\swalib_example\swalib_example\debug\ball.obj
g:\master\arquitectura software\practica 2\practica 2\arquitecturaskeleton\1_skeleton\1_skeleton\swalib-master\swalib_example\swalib_example\debug\swalib_example.ilk
g:\master\arquitectura software\practica 2\practica 2\arquitecturaskeleton\1_skeleton\1_skeleton\swalib-master\swalib_example\debug\swalib_example.exe
g:\master\arquitectura software\practica 2\practica 2\arquitecturaskeleton\1_skeleton\1_skeleton\swalib-master\swalib_example\debug\swalib_example.pdb
g:\master\arquitectura software\practica 2\practica 2\arquitecturaskeleton\1_skeleton\1_skeleton\swalib-master\swalib_example\swalib_example\debug\swalib_example.tlog\cl.read.1.tlog
g:\master\arquitectura software\practica 2\practica 2\arquitecturaskeleton\1_skeleton\1_skeleton\swalib-master\swalib_example\swalib_example\debug\swalib_example.tlog\cl.write.1.tlog
g:\master\arquitectura software\practica 2\practica 2\arquitecturaskeleton\1_skeleton\1_skeleton\swalib-master\swalib_example\swalib_example\debug\swalib_example.tlog\cl.command.1.tlog
g:\master\arquitectura software\practica 2\practica 2\arquitecturaskeleton\1_skeleton\1_skeleton\swalib-master\swalib_example\swalib_example\debug\swalib_example.tlog\link.read.1.tlog
g:\master\arquitectura software\practica 2\practica 2\arquitecturaskeleton\1_skeleton\1_skeleton\swalib-master\swalib_example\swalib_example\debug\swalib_example.tlog\link.write.1.tlog
g:\master\arquitectura software\practica 2\practica 2\arquitecturaskeleton\1_skeleton\1_skeleton\swalib-master\swalib_example\swalib_example\debug\swalib_example.tlog\link.command.1.tlog
